<?xml version="1.0" encoding="UTF-8"?>
<Site BuildName="(empty)"
	BuildStamp="20230702-0209-Experimental"
	Name="linux"
	Generator="ctest-3.22.1"
	CompilerName="/usr/bin/g++"
	CompilerVersion="11.3.0"
	OSName="Linux"
	Hostname="linux"
	OSRelease="5.19.0-1021-lowlatency"
	OSVersion="#22~22.04.1-Ubuntu SMP PREEMPT_DYNAMIC Fri Mar 17 21:47:52 UTC 2"
	OSPlatform="x86_64"
	Is64Bits="1"
	VendorString="GenuineIntel"
	VendorID="Intel Corporation"
	FamilyID="6"
	ModelID="165"
	ProcessorCacheSize="12288"
	NumberOfLogicalCPU="12"
	NumberOfPhysicalCPU="6"
	TotalVirtualMemory="2047"
	TotalPhysicalMemory="15816"
	LogicalProcessorsPerPhysical="2"
	ProcessorClockFrequency="4200.42"
	>
	<Testing>
		<StartDateTime>Jul 01 22:09 -04</StartDateTime>
		<StartTestTime>1688263749</StartTestTime>
		<TestList/>
		<EndDateTime>Jul 01 22:09 -04</EndDateTime>
		<EndTestTime>1688263749</EndTestTime>
		<ElapsedMinutes>0</ElapsedMinutes>
	</Testing>
</Site>
